Using pre-set license
Built from '2020.2/release' branch; Version is '2020.2.2f1 (068178b99f32) revision 426360'; Using compiler version '192528614'; Build Type 'Release'
OS: 'Windows 10 Pro; OS build 19042.928; Version 2009; 64bit' Language: 'en' Physical Memory: 16332 MB
BatchMode: 1, IsHumanControllingUs: 0, StartBugReporterOnCrash: 0, Is64bit: 1, IsPro: 0

 COMMAND LINE ARGUMENTS:
C:\Program Files\Unity\Hub\Editor\2020.2.2f1\Editor\Unity.exe
-adb2
-batchMode
-noUpm
-name
AssetImportWorker0
-projectPath
C:/Users/June/Documents/CSUMB/CST326 - Game Dev/Farming Sim
-logFile
Logs/AssetImportWorker0.log
-srvPort
61772
Successfully changed project path to: C:/Users/June/Documents/CSUMB/CST326 - Game Dev/Farming Sim
C:/Users/June/Documents/CSUMB/CST326 - Game Dev/Farming Sim
Using Asset Import Pipeline V2.
Unable to join player connection multicast group.

Refreshing native plugins compatible for Editor in 22.52 ms, found 0 plugins.
Preloading 0 native plugins for Editor in 0.00 ms.
Initialize engine version: 2020.2.2f1 (068178b99f32)
[Subsystems] Discovering subsystems at path C:/Program Files/Unity/Hub/Editor/2020.2.2f1/Editor/Data/Resources/UnitySubsystems
[Subsystems] Discovering subsystems at path C:/Users/June/Documents/CSUMB/CST326 - Game Dev/Farming Sim/Assets
GfxDevice: creating device client; threaded=0
Direct3D:
    Version:  Direct3D 11.0 [level 11.1]
    Renderer: AMD Radeon RX 5700 XT (ID=0x731f)
    Vendor:   
    VRAM:     8151 MB
    Driver:   27.20.15003.1004
Initialize mono
Mono path[0] = 'C:/Program Files/Unity/Hub/Editor/2020.2.2f1/Editor/Data/Managed'
Mono path[1] = 'C:/Program Files/Unity/Hub/Editor/2020.2.2f1/Editor/Data/MonoBleedingEdge/lib/mono/unityjit'
Mono config path = 'C:/Program Files/Unity/Hub/Editor/2020.2.2f1/Editor/Data/MonoBleedingEdge/etc'
Using monoOptions --debugger-agent=transport=dt_socket,embedding=1,server=y,suspend=n,address=127.0.0.1:56456
Begin MonoManager ReloadAssembly
Registering precompiled unity dll's ...
Register platform support module: C:/Program Files/Unity/Hub/Editor/2020.2.2f1/Editor/Data/PlaybackEngines/WindowsStandaloneSupport/UnityEditor.WindowsStandalone.Extensions.dll
Registered in 0.001948 seconds.
Native extension for WindowsStandalone target not found
Refreshing native plugins compatible for Editor in 22.76 ms, found 0 plugins.
Preloading 0 native plugins for Editor in 0.00 ms.
Invoked RoslynAnalysisRunner static constructor.
RoslynAnalysisRunner will not be running.
RoslynAnalysisRunner has terminated.
Mono: successfully reloaded assembly
- Completed reload, in  1.041 seconds
Platform modules already initialized, skipping
Registering precompiled user dll's ...
Registered in 0.000747 seconds.
Begin MonoManager ReloadAssembly
Native extension for WindowsStandalone target not found
Refreshing native plugins compatible for Editor in 0.18 ms, found 0 plugins.
Preloading 0 native plugins for Editor in 0.00 ms.
Invoked RoslynAnalysisRunner static constructor.
RoslynAnalysisRunner will not be running.
RoslynAnalysisRunner has terminated.
Mono: successfully reloaded assembly
- Completed reload, in  0.805 seconds
Platform modules already initialized, skipping
========================================================================
Worker process is ready to serve import requests
Launched and connected shader compiler UnityShaderCompiler.exe after 0.03 seconds
Refreshing native plugins compatible for Editor in 0.17 ms, found 0 plugins.
Preloading 0 native plugins for Editor in 0.00 ms.
Unloading 1099 Unused Serialized files (Serialized files now loaded: 0)
System memory in use before: 56.6 MB.
System memory in use after: 56.7 MB.

Unloading 10 unused Assets to reduce memory usage. Loaded Objects now: 1540.
Total: 1.844000 ms (FindLiveObjects: 0.137200 ms CreateObjectMapping: 0.053900 ms MarkObjects: 1.578900 ms  DeleteObjects: 0.072800 ms)

========================================================================
Received Import Request.
  path: Assets/Scenes
  artifactKey: Guid(83f0247b3993d13499ca3b1d095aaad0) Importer(815301076,1909f56bfc062723c751e8b465ee728b)
Start importing Assets/Scenes using Guid(83f0247b3993d13499ca3b1d095aaad0) Importer(815301076,1909f56bfc062723c751e8b465ee728b)  -> (artifact id: '774fe7297ed423ccb507ad34273fa203') in 0.007576 seconds
  Import took 0.009261 seconds .

========================================================================
Received Import Request.
  Time since last request: 0.000190 seconds.
  path: Assets/Scenes/SampleScene.unity
  artifactKey: Guid(9fc0d4010bbf28b4594072e72b8655ab) Importer(815301076,1909f56bfc062723c751e8b465ee728b)
Start importing Assets/Scenes/SampleScene.unity using Guid(9fc0d4010bbf28b4594072e72b8655ab) Importer(815301076,1909f56bfc062723c751e8b465ee728b)  -> (artifact id: '9831e44e2a700a6e1119228b2d38e767') in 0.012273 seconds
  Import took 0.013833 seconds .

========================================================================
Received Import Request.
  Time since last request: 10.730868 seconds.
  path: Assets/Scenes/GameScene.unity
  artifactKey: Guid(9fc0d4010bbf28b4594072e72b8655ab) Importer(815301076,1909f56bfc062723c751e8b465ee728b)
Start importing Assets/Scenes/GameScene.unity using Guid(9fc0d4010bbf28b4594072e72b8655ab) Importer(815301076,1909f56bfc062723c751e8b465ee728b)  -> (artifact id: 'f87949fdb6ba2e1ffa8121ac9279ef69') in 0.006805 seconds
  Import took 0.008605 seconds .

========================================================================
Received Import Request.
  Time since last request: 10.386181 seconds.
  path: Assets/Scenes/StartScene.unity
  artifactKey: Guid(08289bb6d59cf4248ba09d21a42bdf95) Importer(815301076,1909f56bfc062723c751e8b465ee728b)
Start importing Assets/Scenes/StartScene.unity using Guid(08289bb6d59cf4248ba09d21a42bdf95) Importer(815301076,1909f56bfc062723c751e8b465ee728b)  -> (artifact id: '93b73ec1c25fc8544cb0bb7bb979ec68') in 0.007505 seconds
  Import took 0.009200 seconds .

========================================================================
Received Import Request.
  Time since last request: 9.764544 seconds.
  path: Assets/Scenes/EndScene.unity
  artifactKey: Guid(758325e2147e5ab4bbe7d6aac5b249dd) Importer(815301076,1909f56bfc062723c751e8b465ee728b)
Start importing Assets/Scenes/EndScene.unity using Guid(758325e2147e5ab4bbe7d6aac5b249dd) Importer(815301076,1909f56bfc062723c751e8b465ee728b)  -> (artifact id: '1b44a0d91b454a8880ccd3cb856d6641') in 0.008519 seconds
  Import took 0.010149 seconds .

========================================================================
Received Prepare
Registering precompiled user dll's ...
Registered in 0.000598 seconds.
Begin MonoManager ReloadAssembly
Native extension for WindowsStandalone target not found
Refreshing native plugins compatible for Editor in 0.18 ms, found 0 plugins.
Preloading 0 native plugins for Editor in 0.00 ms.
Invoked RoslynAnalysisRunner static constructor.
RoslynAnalysisRunner will not be running.
RoslynAnalysisRunner has terminated.
Mono: successfully reloaded assembly
- Completed reload, in  0.772 seconds
Platform modules already initialized, skipping
Refreshing native plugins compatible for Editor in 0.19 ms, found 0 plugins.
Preloading 0 native plugins for Editor in 0.00 ms.
Unloading 1094 Unused Serialized files (Serialized files now loaded: 0)
System memory in use before: 56.7 MB.
System memory in use after: 56.7 MB.

Unloading 5 unused Assets to reduce memory usage. Loaded Objects now: 1542.
Total: 1.487300 ms (FindLiveObjects: 0.141000 ms CreateObjectMapping: 0.026000 ms MarkObjects: 1.269900 ms  DeleteObjects: 0.049200 ms)

========================================================================
Received Import Request.
  Time since last request: 3160.424746 seconds.
  path: Assets/Scripts
  artifactKey: Guid(2583d62fccb943448a82bbfdf8c210ea) Importer(815301076,1909f56bfc062723c751e8b465ee728b)
Start importing Assets/Scripts using Guid(2583d62fccb943448a82bbfdf8c210ea) Importer(815301076,1909f56bfc062723c751e8b465ee728b)  -> (artifact id: '9a7d67a7c62c3b2f042b5770f61bf187') in 0.008204 seconds
  Import took 0.010010 seconds .

========================================================================
Received Import Request.
  Time since last request: 8.568032 seconds.
  path: Assets/Scripts/PlayerScript.cs
  artifactKey: Guid(664c654eddad6a94396b6d52e2a0688b) Importer(815301076,1909f56bfc062723c751e8b465ee728b)
Start importing Assets/Scripts/PlayerScript.cs using Guid(664c654eddad6a94396b6d52e2a0688b) Importer(815301076,1909f56bfc062723c751e8b465ee728b)  -> (artifact id: '4985ea5888005eaf96932713e697dfa5') in 0.019928 seconds
  Import took 0.021611 seconds .

========================================================================
Received Prepare
Registering precompiled user dll's ...
Registered in 0.000585 seconds.
Begin MonoManager ReloadAssembly
Native extension for WindowsStandalone target not found
Refreshing native plugins compatible for Editor in 0.19 ms, found 0 plugins.
Preloading 0 native plugins for Editor in 0.00 ms.
Invoked RoslynAnalysisRunner static constructor.
RoslynAnalysisRunner will not be running.
RoslynAnalysisRunner has terminated.
Mono: successfully reloaded assembly
- Completed reload, in  0.744 seconds
Platform modules already initialized, skipping
Refreshing native plugins compatible for Editor in 0.21 ms, found 0 plugins.
Preloading 0 native plugins for Editor in 0.00 ms.
Unloading 1095 Unused Serialized files (Serialized files now loaded: 0)
System memory in use before: 56.8 MB.
System memory in use after: 56.8 MB.

Unloading 5 unused Assets to reduce memory usage. Loaded Objects now: 1545.
Total: 1.677000 ms (FindLiveObjects: 0.129800 ms CreateObjectMapping: 0.028000 ms MarkObjects: 1.473600 ms  DeleteObjects: 0.044700 ms)

========================================================================
Received Import Request.
  Time since last request: 320.564294 seconds.
  path: Assets/Scripts/PlayerScript.cs
  artifactKey: Guid(664c654eddad6a94396b6d52e2a0688b) Importer(815301076,1909f56bfc062723c751e8b465ee728b)
Start importing Assets/Scripts/PlayerScript.cs using Guid(664c654eddad6a94396b6d52e2a0688b) Importer(815301076,1909f56bfc062723c751e8b465ee728b)  -> (artifact id: '444033ab5ae80f1f36022289b9304842') in 0.008047 seconds
  Import took 0.010005 seconds .

========================================================================
Received Import Request.
  Time since last request: 0.099895 seconds.
  path: Assets/Scripts/PlayerScript.cs
  artifactKey: Guid(664c654eddad6a94396b6d52e2a0688b) Importer(815301076,1909f56bfc062723c751e8b465ee728b)
Start importing Assets/Scripts/PlayerScript.cs using Guid(664c654eddad6a94396b6d52e2a0688b) Importer(815301076,1909f56bfc062723c751e8b465ee728b)  -> (artifact id: '444033ab5ae80f1f36022289b9304842') in 0.002740 seconds
  Import took 0.004768 seconds .

========================================================================
Received Prepare
Registering precompiled user dll's ...
Registered in 0.000749 seconds.
Begin MonoManager ReloadAssembly
Native extension for WindowsStandalone target not found
Refreshing native plugins compatible for Editor in 0.18 ms, found 0 plugins.
Preloading 0 native plugins for Editor in 0.00 ms.
Invoked RoslynAnalysisRunner static constructor.
RoslynAnalysisRunner will not be running.
RoslynAnalysisRunner has terminated.
Mono: successfully reloaded assembly
- Completed reload, in  0.779 seconds
Platform modules already initialized, skipping
Refreshing native plugins compatible for Editor in 0.18 ms, found 0 plugins.
Preloading 0 native plugins for Editor in 0.00 ms.
Unloading 1095 Unused Serialized files (Serialized files now loaded: 0)
System memory in use before: 56.8 MB.
System memory in use after: 56.9 MB.

Unloading 5 unused Assets to reduce memory usage. Loaded Objects now: 1547.
Total: 1.666500 ms (FindLiveObjects: 0.180500 ms CreateObjectMapping: 0.034500 ms MarkObjects: 1.399400 ms  DeleteObjects: 0.050600 ms)

AssetImportWorkerClient::OnTransportError - code=2 error=End of file
